<?xml version="1.0" encoding="utf-8"?>
<!-- Cobertura fixture for the "two ranked regions in one file" spec.
     Gaps.cs has two uncovered runs separated by enough covered code that they
     cannot merge into a single region, so the file is ranked twice. -->
<coverage line-rate="0.375" branch-rate="1" version="1.9" timestamp="1700000000">
  <sources />
  <packages>
    <package name="Fixture" line-rate="0.375">
      <classes>
        <class name="Gaps" filename="coverage-sample/src/Gaps.cs" line-rate="0.375">
          <lines>
            <line number="12" hits="6" />
            <line number="13" hits="0" />
            <line number="14" hits="0" />
            <line number="15" hits="0" />
            <line number="17" hits="6" />
            <line number="22" hits="0" />
            <line number="23" hits="0" />
            <line number="24" hits="0" />
            <line number="25" hits="1" />
          </lines>
        </class>
      </classes>
    </package>
  </packages>
</coverage>
