<?xml version="1.0" encoding="utf-8"?>
<!-- Cobertura fixture, shaped like coverlet's output.
     Paths are repo-relative so they resolve on any checkout: the server derives
     the project root from the .git folder above this file. -->
<coverage line-rate="0.5" branch-rate="0.5" version="1.9" timestamp="1700000000">
  <sources />
  <packages>
    <package name="Fixture" line-rate="0.5">
      <classes>
        <class name="Calc" filename="coverage-sample/src/Calc.cs" line-rate="0.8">
          <lines>
            <line number="14" hits="12" />
            <line number="19" hits="4" />
            <line number="24" hits="3" branch="true" condition-coverage="50% (1/2)" />
            <line number="26" hits="0" />
            <line number="29" hits="3" />
          </lines>
        </class>
        <class name="Dead" filename="coverage-sample/src/Dead.cs" line-rate="0">
          <lines>
            <line number="7" hits="0" />
            <line number="8" hits="0" />
            <line number="9" hits="0" />
          </lines>
        </class>
      </classes>
    </package>
  </packages>
</coverage>
