<?xml version="1.0" encoding="UTF-8"?>
<TestRun id="4ab72675-b2f1-e3e5-e2b4-7cd417b1" name="Empty Suite" xmlns="http://microsoft.com/schemas/VisualStudio/TeamTest/2010">
  <Times creation="2026-07-27T13:11:59.937Z" queuing="2026-07-27T13:11:59.937Z" start="2026-07-27T13:11:59.937Z" finish="2026-07-27T13:11:59.937Z" />
  <Results>

  </Results>
  <TestDefinitions>

  </TestDefinitions>
  <TestEntries>

  </TestEntries>
  <TestLists>
    <TestList name="All Results" id="c290c54a-023e-622a-6ea7-9235fbb5" />
  </TestLists>
  <ResultSummary outcome="Completed">
    <Counters total="0" executed="0" passed="0" failed="0" error="0" timeout="0" aborted="0" inconclusive="0" notExecuted="0" disconnected="0" warning="0" completed="0" inProgress="0" pending="0" />
  </ResultSummary>
</TestRun>
