<?xml version="1.0" encoding="UTF-8"?>
<TestRun id="c5534b1f-bb85-4fa6-8ff9-f12bf63e" name="Multi-target Suite" xmlns="http://microsoft.com/schemas/VisualStudio/TeamTest/2010">
  <Times creation="2026-07-27T14:00:00.000Z" queuing="2026-07-27T14:00:00.000Z" start="2026-07-27T14:00:00.000Z" finish="2026-07-27T14:00:00.000Z" />
  <Results>
    <UnitTestResult executionId="11111111-0000-0000-0000-000000000001" testId="aaaaaaaa-0000-0000-0000-000000000001" testName="ParsesConfig_net8" computerName="localhost" duration="00:00:00.0100000" outcome="Passed" testType="13cdc9d9-ddb5-4fa4-a97d-d965ccfc6d4b"></UnitTestResult>
    <UnitTestResult executionId="11111111-0000-0000-0000-000000000002" testId="aaaaaaaa-0000-0000-0000-000000000002" testName="ValidatesInput_net8" computerName="localhost" duration="00:00:00.0200000" outcome="Failed" testType="13cdc9d9-ddb5-4fa4-a97d-d965ccfc6d4b">
        <Output>
          <ErrorInfo>
            <Message>Assert.True() Failure</Message>
          </ErrorInfo>
        </Output>
      </UnitTestResult>
    <UnitTestResult executionId="11111111-0000-0000-0000-000000000003" testId="aaaaaaaa-0000-0000-0000-000000000003" testName="ParsesConfig_net472" computerName="localhost" duration="00:00:00.0150000" outcome="Passed" testType="13cdc9d9-ddb5-4fa4-a97d-d965ccfc6d4b"></UnitTestResult>
    <UnitTestResult executionId="11111111-0000-0000-0000-000000000004" testId="aaaaaaaa-0000-0000-0000-000000000004" testName="ValidatesInput_net472" computerName="localhost" duration="00:00:00.0250000" outcome="Passed" testType="13cdc9d9-ddb5-4fa4-a97d-d965ccfc6d4b"></UnitTestResult>
  </Results>
  <TestDefinitions>
    <UnitTest name="ParsesConfig_net8" id="aaaaaaaa-0000-0000-0000-000000000001">
      <Execution id="11111111-0000-0000-0000-000000000001" />
      <TestMethod codeBase="C:\proj\bin\Debug\net8.0\App.Tests.dll" className="App.Tests" name="ParsesConfig_net8" />
    </UnitTest>
    <UnitTest name="ValidatesInput_net8" id="aaaaaaaa-0000-0000-0000-000000000002">
      <Execution id="11111111-0000-0000-0000-000000000002" />
      <TestMethod codeBase="C:\proj\bin\Debug\net8.0\App.Tests.dll" className="App.Tests" name="ValidatesInput_net8" />
    </UnitTest>
    <UnitTest name="ParsesConfig_net472" id="aaaaaaaa-0000-0000-0000-000000000003">
      <Execution id="11111111-0000-0000-0000-000000000003" />
      <TestMethod codeBase="C:\proj\bin\Debug\net472\App.Tests.dll" className="App.Tests" name="ParsesConfig_net472" />
    </UnitTest>
    <UnitTest name="ValidatesInput_net472" id="aaaaaaaa-0000-0000-0000-000000000004">
      <Execution id="11111111-0000-0000-0000-000000000004" />
      <TestMethod codeBase="C:\proj\bin\Debug\net472\App.Tests.dll" className="App.Tests" name="ValidatesInput_net472" />
    </UnitTest>
  </TestDefinitions>
  <ResultSummary outcome="Failed">
    <Counters total="4" executed="4" passed="3" failed="1" error="0" timeout="0" aborted="0" inconclusive="0" notExecuted="0" disconnected="0" warning="0" completed="0" inProgress="0" pending="0" />
  </ResultSummary>
</TestRun>
